<?xml version="1.0" encoding="UTF-8"?>
<testng-results ignored="0" total="1" passed="1" failed="0" skipped="0">
  <reporter-output>
  </reporter-output>
  <suite started-at="2023-10-19T06:19:17Z" name="Default suite" finished-at="2023-10-19T06:19:37Z" duration-ms="20469">
    <groups>
    </groups>
    <test started-at="2023-10-19T06:19:17Z" name="Default test" finished-at="2023-10-19T06:19:37Z" duration-ms="20469">
      <class name="testscript.TestBTApplication">
        <test-method is-config="true" signature="configBeforeMethod()[pri:0, instance:testscript.TestBTApplication@4416d64f]" started-at="2023-10-19T06:19:17Z" name="configBeforeMethod" finished-at="2023-10-19T06:19:27Z" duration-ms="10432" status="PASS">
          <reporter-output>
          </reporter-output>
        </test-method> <!-- configBeforeMethod -->
        <test-method signature="testBT()[pri:0, instance:testscript.TestBTApplication@4416d64f]" started-at="2023-10-19T06:19:27Z" name="testBT" finished-at="2023-10-19T06:19:36Z" duration-ms="9052" status="PASS">
          <reporter-output>
          </reporter-output>
        </test-method> <!-- testBT -->
        <test-method is-config="true" signature="browserQuitAfterTestExecution()[pri:0, instance:testscript.TestBTApplication@4416d64f]" started-at="2023-10-19T06:19:36Z" name="browserQuitAfterTestExecution" finished-at="2023-10-19T06:19:37Z" duration-ms="947" status="PASS">
          <reporter-output>
          </reporter-output>
        </test-method> <!-- browserQuitAfterTestExecution -->
      </class> <!-- testscript.TestBTApplication -->
    </test> <!-- Default test -->
  </suite> <!-- Default suite -->
</testng-results>
